[INFO ] 07-12 00:05:37.500 [main] Main - Main class
[INFO ] 07-12 00:11:58.930 [main] Main - Main class
[INFO ] 07-12 00:13:07.481 [main] Main - Main class
[INFO ] 07-12 00:13:08.069 [main] Main - Main class
[INFO ] 07-12 00:14:02.527 [main] Main - Main class
[INFO ] 07-12 00:14:38.184 [main] Main - Main class
[INFO ] 07-12 00:22:48.774 [main] Main - Main class
[INFO ] 07-12 10:13:54.534 [main] Main - Main class
[INFO ] 07-12 10:19:27.670 [main] Main - Main class
[INFO ] 07-12 10:23:29.769 [main] Main - Main class
[INFO ] 07-12 10:23:58.603 [main] Main - Main class
[INFO ] 07-12 22:20:47.524 [main] Main - Main class
[INFO ] 07-12 22:23:02.096 [main] Main - Main class
[INFO ] 07-12 22:24:44.057 [main] Main - Main class
[INFO ] 07-12 22:25:32.387 [main] Main - Main class
[INFO ] 07-12 09:13:19.524 [main] Main - Main class
[INFO ] 07-12 09:15:01.661 [main] Main - Main class
[INFO ] 07-12 09:16:08.240 [main] Main - Main class
[INFO ] 07-12 09:18:24.405 [main] Main - Main class
[INFO ] 07-12 09:19:29.082 [main] Main - Main class
[INFO ] 07-12 09:20:58.414 [main] Main - Main class
[INFO ] 07-12 09:21:35.914 [main] Main - Main class
[INFO ] 07-12 14:13:11.225 [main] Main - Main class
[INFO ] 07-12 14:14:32.931 [main] Main - Main class
[INFO ] 07-12 14:20:19.109 [main] Main - Main class
[INFO ] 07-12 14:21:50.618 [main] Main - Main class
[INFO ] 07-12 14:27:27.483 [main] Main - Main class
[INFO ] 07-12 14:37:18.776 [main] Main - Main class
[INFO ] 07-12 15:34:34.308 [main] Main - Main class
[INFO ] 07-12 15:40:10.894 [main] Main - Main class
[INFO ] 07-12 15:46:08.068 [main] Main - Main class
[INFO ] 07-12 15:54:05.037 [main] Main - Main class
[INFO ] 07-12 15:54:46.551 [main] Main - Main class
[INFO ] 07-12 15:55:33.102 [main] Main - Main class
[INFO ] 07-12 15:55:41.247 [main] Main - Main class
[INFO ] 07-12 15:55:49.985 [main] Main - Main class
[INFO ] 07-12 16:41:36.633 [main] Main - Main class
[ERROR] 07-12 16:42:02.097 [main] GetAllUsers - Unknown column 'mitul.malani' in 'where clause'
[INFO ] 07-12 16:42:44.116 [main] Main - Main class
[INFO ] 07-12 16:46:48.231 [main] Main - Main class
[INFO ] 07-12 16:46:59.304 [main] Main - Main class
[INFO ] 07-12 16:49:41.578 [main] Main - Main class
[INFO ] 07-12 16:50:45.298 [main] Main - Main class
[INFO ] 07-12 16:51:48.683 [main] Main - Main class
[INFO ] 07-12 16:53:20.407 [main] Main - Main class
[ERROR] 07-12 16:57:50.567 [main] GetAllUsers - Column 'facility_id' not found.
[INFO ] 07-12 16:59:32.456 [main] Main - Main class
[ERROR] 07-12 16:59:44.100 [main] GetAllUsers - Column 'available_date' not found.
[INFO ] 07-12 17:01:48.087 [main] Main - Main class
[INFO ] 07-12 17:05:44.077 [main] Main - Main class
[INFO ] 07-12 17:23:11.506 [main] Main - Main class
[INFO ] 07-12 17:27:00.648 [main] Main - Main class
[INFO ] 07-12 17:28:20.022 [main] Main - Main class
[INFO ] 07-12 18:41:21.943 [main] Main - Main class
[INFO ] 07-12 19:33:25.744 [main] Main - Main class
[INFO ] 07-12 19:52:30.701 [main] Main - Main class
[INFO ] 07-12 19:55:20.772 [main] Main - Main class
[INFO ] 07-12 19:57:19.252 [main] Main - Main class
[INFO ] 07-12 20:01:05.019 [main] Main - Main class
[INFO ] 07-12 20:10:27.340 [main] Main - Main class
[INFO ] 07-12 20:12:17.439 [main] Main - Main class
[INFO ] 07-12 20:13:31.428 [main] Main - Main class
[INFO ] 07-12 20:15:05.559 [main] Main - Main class
[ERROR] 07-12 20:15:35.163 [main] SaveUser - You have an error in your SQL syntax; check the manual that corresponds to your MariaDB server version for the right syntax to use near '@gm.vom, 7894561230, 06b4ce0d2ca6be907727647fe104a4acbfd82563, 08-09-1998, Ma...' at line 1
[INFO ] 07-12 20:16:24.395 [main] Main - Main class
[INFO ] 07-12 20:16:56.681 [main] Main - Main class
[INFO ] 07-12 20:19:27.038 [main] Main - Main class
[INFO ] 07-12 20:23:31.105 [main] Main - Main class
